[08:33:02] ======================================================================
[08:33:02] 47_build_unified_adjusted_ohlcv_store.py
[08:33:02] 构建美股 51 个 ticker 统一 adjusted OHLCV 数据仓库
[08:33:02] ======================================================================
[08:33:02] 数据目录: E:\dzhwork\quant\quant_lab\data\unified_ohlcv\us_stock_selection
[08:33:02] 输出目录: E:\dzhwork\quant\quant_lab\outputs\us_stock_selection\unified_adjusted_ohlcv_store_20260502_083302
[08:33:02] Ticker 数量: 51
[08:33:02] 
[08:33:02] [Step 1/5] 开始下载 51 个 ticker...
[08:33:02] ----------------------------------------------------------------------
[08:33:02] [1/51] 处理 AAPL...
[08:33:04]   下载 AAPL (尝试 1/6)...
[08:33:13] [ERR]   AAPL 尝试 1 失败 | Too Many Requests. Rate limited. Try after a while.
[08:33:13]   Rate limited，等待 28s 后重试...
[08:33:41]   下载 AAPL (尝试 2/6)...
[08:33:43] [ERR]   AAPL 尝试 2 失败 | Too Many Requests. Rate limited. Try after a while.
[08:33:43]   Rate limited，等待 32s 后重试...
[08:34:14]   下载 AAPL (尝试 3/6)...
[08:34:15] [ERR]   AAPL 尝试 3 失败 | Too Many Requests. Rate limited. Try after a while.
[08:34:15]   Rate limited，等待 46s 后重试...
[08:35:01]   下载 AAPL (尝试 4/6)...
[08:35:02] [ERR]   AAPL 尝试 4 失败 | Too Many Requests. Rate limited. Try after a while.
[08:35:02]   Rate limited，等待 91s 后重试...
[08:36:33]   下载 AAPL (尝试 5/6)...
[08:36:34] [ERR]   AAPL 尝试 5 失败 | Too Many Requests. Rate limited. Try after a while.
[08:36:34]   Rate limited，等待 120s 后重试...
[08:38:34]   下载 AAPL (尝试 6/6)...
[08:38:37] [ERR]   AAPL 尝试 6 失败 | Too Many Requests. Rate limited. Try after a while.
[08:38:37] [ERR]   AAPL 所有重试均失败 | Too Many Requests. Rate limited. Try after a while.
[08:38:37]   等待 13s 后处理下一个 ticker...
[08:38:50] [2/51] 处理 ADBE...
[08:38:50]   下载 ADBE (尝试 1/6)...
[08:39:04] [ERR]   ADBE 尝试 1 失败 | Too Many Requests. Rate limited. Try after a while.
[08:39:04]   Rate limited，等待 19s 后重试...
[08:39:23]   下载 ADBE (尝试 2/6)...
[08:39:24] [ERR]   ADBE 尝试 2 失败 | Too Many Requests. Rate limited. Try after a while.
[08:39:24]   Rate limited，等待 36s 后重试...
[08:40:00]   下载 ADBE (尝试 3/6)...
[08:40:01] [ERR]   ADBE 尝试 3 失败 | Too Many Requests. Rate limited. Try after a while.
[08:40:01]   Rate limited，等待 53s 后重试...
[08:40:54]   下载 ADBE (尝试 4/6)...
[08:40:55] [ERR]   ADBE 尝试 4 失败 | Too Many Requests. Rate limited. Try after a while.
[08:40:55]   Rate limited，等待 87s 后重试...
[08:42:22]   下载 ADBE (尝试 5/6)...
[08:42:23] [ERR]   ADBE 尝试 5 失败 | Too Many Requests. Rate limited. Try after a while.
[08:42:23]   Rate limited，等待 120s 后重试...
[08:44:23]   下载 ADBE (尝试 6/6)...
[08:44:29] [ERR]   ADBE 尝试 6 失败 | Too Many Requests. Rate limited. Try after a while.
[08:44:29] [ERR]   ADBE 所有重试均失败 | Too Many Requests. Rate limited. Try after a while.
[08:44:29]   等待 17s 后处理下一个 ticker...
[08:44:46] [3/51] 处理 AMD...
[08:44:46]   下载 AMD (尝试 1/6)...
[08:44:56] [ERR]   AMD 尝试 1 失败 | Too Many Requests. Rate limited. Try after a while.
[08:44:56]   Rate limited，等待 26s 后重试...
[08:45:21]   下载 AMD (尝试 2/6)...
[08:45:23] [ERR]   AMD 尝试 2 失败 | Too Many Requests. Rate limited. Try after a while.
[08:45:23]   Rate limited，等待 39s 后重试...
[08:46:02]   下载 AMD (尝试 3/6)...
[08:46:05] [ERR]   AMD 尝试 3 失败 | Too Many Requests. Rate limited. Try after a while.
[08:46:05]   Rate limited，等待 47s 后重试...
[08:46:53]   下载 AMD (尝试 4/6)...
[08:46:54] [ERR]   AMD 尝试 4 失败 | Too Many Requests. Rate limited. Try after a while.
[08:46:54]   Rate limited，等待 96s 后重试...
[08:48:31]   下载 AMD (尝试 5/6)...
[08:48:33] [ERR]   AMD 尝试 5 失败 | Too Many Requests. Rate limited. Try after a while.
[08:48:33]   Rate limited，等待 120s 后重试...
[08:50:33]   下载 AMD (尝试 6/6)...
[08:50:36] [ERR]   AMD 尝试 6 失败 | Too Many Requests. Rate limited. Try after a while.
[08:50:36] [ERR]   AMD 所有重试均失败 | Too Many Requests. Rate limited. Try after a while.
[08:50:36]   等待 12s 后处理下一个 ticker...
[08:50:48] [4/51] 处理 AMZN...
[08:50:48]   下载 AMZN (尝试 1/6)...
[08:50:55] [ERR]   AMZN 尝试 1 失败 | Too Many Requests. Rate limited. Try after a while.
[08:50:55]   Rate limited，等待 26s 后重试...
[08:51:21]   下载 AMZN (尝试 2/6)...
[08:51:22] [ERR]   AMZN 尝试 2 失败 | Too Many Requests. Rate limited. Try after a while.
[08:51:22]   Rate limited，等待 32s 后重试...
[08:51:54]   下载 AMZN (尝试 3/6)...
[08:51:56] [ERR]   AMZN 尝试 3 失败 | Too Many Requests. Rate limited. Try after a while.
[08:51:56]   Rate limited，等待 50s 后重试...
[08:52:45]   下载 AMZN (尝试 4/6)...
[08:52:48] [ERR]   AMZN 尝试 4 失败 | Too Many Requests. Rate limited. Try after a while.
[08:52:48]   Rate limited，等待 98s 后重试...
[08:54:25]   下载 AMZN (尝试 5/6)...
[08:54:26] [ERR]   AMZN 尝试 5 失败 | Too Many Requests. Rate limited. Try after a while.
[08:54:26]   Rate limited，等待 120s 后重试...
[08:56:26]   下载 AMZN (尝试 6/6)...
[08:56:29] [ERR]   AMZN 尝试 6 失败 | Too Many Requests. Rate limited. Try after a while.
[08:56:29] [ERR]   AMZN 所有重试均失败 | Too Many Requests. Rate limited. Try after a while.
[08:56:29]   等待 21s 后处理下一个 ticker...
[08:56:50] [5/51] 处理 AVGO...
[08:56:50]   下载 AVGO (尝试 1/6)...
[08:56:56] [ERR]   AVGO 尝试 1 失败 | Too Many Requests. Rate limited. Try after a while.
[08:56:56]   Rate limited，等待 23s 后重试...
[08:57:19]   下载 AVGO (尝试 2/6)...
[08:57:20] [ERR]   AVGO 尝试 2 失败 | Too Many Requests. Rate limited. Try after a while.
[08:57:20]   Rate limited，等待 38s 后重试...
[08:57:58]   下载 AVGO (尝试 3/6)...
[08:57:59] [ERR]   AVGO 尝试 3 失败 | Too Many Requests. Rate limited. Try after a while.
[08:57:59]   Rate limited，等待 46s 后重试...
[08:58:45]   下载 AVGO (尝试 4/6)...
[08:58:46] [ERR]   AVGO 尝试 4 失败 | Too Many Requests. Rate limited. Try after a while.
[08:58:46]   Rate limited，等待 92s 后重试...
[09:00:18]   下载 AVGO (尝试 5/6)...
[09:00:18] [ERR]   AVGO 尝试 5 失败 | Too Many Requests. Rate limited. Try after a while.
[09:00:18]   Rate limited，等待 120s 后重试...
[09:02:18]   下载 AVGO (尝试 6/6)...
[09:02:23] [ERR]   AVGO 尝试 6 失败 | Too Many Requests. Rate limited. Try after a while.
[09:02:23] [ERR]   AVGO 所有重试均失败 | Too Many Requests. Rate limited. Try after a while.
[09:02:23]   等待 16s 后处理下一个 ticker...
[09:02:39] [6/51] 处理 CRM...
[09:02:39]   下载 CRM (尝试 1/6)...
[09:02:53] [ERR]   CRM 尝试 1 失败 | Too Many Requests. Rate limited. Try after a while.
[09:02:53]   Rate limited，等待 22s 后重试...
[09:03:16]   下载 CRM (尝试 2/6)...
[09:03:20] [ERR]   CRM 尝试 2 失败 | Too Many Requests. Rate limited. Try after a while.
[09:03:20]   Rate limited，等待 26s 后重试...
[09:03:45]   下载 CRM (尝试 3/6)...
[09:03:46] [ERR]   CRM 尝试 3 失败 | Too Many Requests. Rate limited. Try after a while.
[09:03:46]   Rate limited，等待 50s 后重试...
[09:04:37]   下载 CRM (尝试 4/6)...
[09:04:39] [ERR]   CRM 尝试 4 失败 | Too Many Requests. Rate limited. Try after a while.
[09:04:39]   Rate limited，等待 95s 后重试...
[09:06:14]   下载 CRM (尝试 5/6)...
[09:06:16] [ERR]   CRM 尝试 5 失败 | Too Many Requests. Rate limited. Try after a while.
[09:06:16]   Rate limited，等待 120s 后重试...
[09:08:16]   下载 CRM (尝试 6/6)...
[09:08:21] [ERR]   CRM 尝试 6 失败 | Too Many Requests. Rate limited. Try after a while.
[09:08:21] [ERR]   CRM 所有重试均失败 | Too Many Requests. Rate limited. Try after a while.
[09:08:21]   等待 13s 后处理下一个 ticker...
[09:08:34] [7/51] 处理 CRWD...
[09:08:34]   下载 CRWD (尝试 1/6)...
[09:08:42] [ERR]   CRWD 尝试 1 失败 | Too Many Requests. Rate limited. Try after a while.
[09:08:42]   Rate limited，等待 23s 后重试...
[09:09:05]   下载 CRWD (尝试 2/6)...
[09:09:07] [ERR]   CRWD 尝试 2 失败 | Too Many Requests. Rate limited. Try after a while.
[09:09:07]   Rate limited，等待 31s 后重试...
[09:09:38]   下载 CRWD (尝试 3/6)...
[09:09:39] [ERR]   CRWD 尝试 3 失败 | Too Many Requests. Rate limited. Try after a while.
[09:09:39]   Rate limited，等待 54s 后重试...
[09:10:34]   下载 CRWD (尝试 4/6)...
[09:10:35] [ERR]   CRWD 尝试 4 失败 | Too Many Requests. Rate limited. Try after a while.
[09:10:35]   Rate limited，等待 95s 后重试...
[09:12:09]   下载 CRWD (尝试 5/6)...
[09:12:11] [ERR]   CRWD 尝试 5 失败 | Too Many Requests. Rate limited. Try after a while.
[09:12:11]   Rate limited，等待 120s 后重试...
[09:14:11]   下载 CRWD (尝试 6/6)...
[09:14:14] [ERR]   CRWD 尝试 6 失败 | Too Many Requests. Rate limited. Try after a while.
[09:14:14] [ERR]   CRWD 所有重试均失败 | Too Many Requests. Rate limited. Try after a while.
[09:14:14]   等待 18s 后处理下一个 ticker...
[09:14:32] [8/51] 处理 GOOGL...
[09:14:32]   下载 GOOGL (尝试 1/6)...
[09:14:47] [ERR]   GOOGL 尝试 1 失败 | Too Many Requests. Rate limited. Try after a while.
[09:14:47]   Rate limited，等待 28s 后重试...
[09:15:15]   下载 GOOGL (尝试 2/6)...
[09:15:16] [ERR]   GOOGL 尝试 2 失败 | Too Many Requests. Rate limited. Try after a while.
[09:15:16]   Rate limited，等待 28s 后重试...
[09:15:44]   下载 GOOGL (尝试 3/6)...
[09:15:46] [ERR]   GOOGL 尝试 3 失败 | Too Many Requests. Rate limited. Try after a while.
[09:15:46]   Rate limited，等待 53s 后重试...
[09:16:39]   下载 GOOGL (尝试 4/6)...
[09:16:41] [ERR]   GOOGL 尝试 4 失败 | Too Many Requests. Rate limited. Try after a while.
[09:16:41]   Rate limited，等待 90s 后重试...
[09:18:11]   下载 GOOGL (尝试 5/6)...
[09:18:12] [ERR]   GOOGL 尝试 5 失败 | Too Many Requests. Rate limited. Try after a while.
[09:18:12]   Rate limited，等待 120s 后重试...
[09:20:12]   下载 GOOGL (尝试 6/6)...
[09:20:19] [ERR]   GOOGL 尝试 6 失败 | Too Many Requests. Rate limited. Try after a while.
[09:20:19] [ERR]   GOOGL 所有重试均失败 | Too Many Requests. Rate limited. Try after a while.
[09:20:19]   等待 18s 后处理下一个 ticker...
[09:20:37] [9/51] 处理 META...
[09:20:37]   下载 META (尝试 1/6)...
[09:20:47] [ERR]   META 尝试 1 失败 | Too Many Requests. Rate limited. Try after a while.
[09:20:47]   Rate limited，等待 21s 后重试...
[09:21:08]   下载 META (尝试 2/6)...
[09:21:10] [ERR]   META 尝试 2 失败 | Too Many Requests. Rate limited. Try after a while.
[09:21:10]   Rate limited，等待 32s 后重试...
[09:21:42]   下载 META (尝试 3/6)...
[09:21:45] [ERR]   META 尝试 3 失败 | Too Many Requests. Rate limited. Try after a while.
[09:21:45]   Rate limited，等待 45s 后重试...
[09:22:30]   下载 META (尝试 4/6)...
[09:22:32] [ERR]   META 尝试 4 失败 | Too Many Requests. Rate limited. Try after a while.
[09:22:32]   Rate limited，等待 98s 后重试...
[09:24:10]   下载 META (尝试 5/6)...
[09:24:11] [ERR]   META 尝试 5 失败 | Too Many Requests. Rate limited. Try after a while.
[09:24:11]   Rate limited，等待 120s 后重试...
[09:26:11]   下载 META (尝试 6/6)...
[09:26:15] [ERR]   META 尝试 6 失败 | Too Many Requests. Rate limited. Try after a while.
[09:26:15] [ERR]   META 所有重试均失败 | Too Many Requests. Rate limited. Try after a while.
[09:26:15]   等待 11s 后处理下一个 ticker...
[09:26:26] [10/51] 处理 MSFT...
[09:26:26]   下载 MSFT (尝试 1/6)...
[09:26:48] [ERR]   MSFT 尝试 1 失败 | Too Many Requests. Rate limited. Try after a while.
[09:26:48]   Rate limited，等待 27s 后重试...
[09:27:15]   下载 MSFT (尝试 2/6)...
[09:27:18] [ERR]   MSFT 尝试 2 失败 | Too Many Requests. Rate limited. Try after a while.
[09:27:18]   Rate limited，等待 25s 后重试...
[09:27:44]   下载 MSFT (尝试 3/6)...
[09:27:46] [ERR]   MSFT 尝试 3 失败 | Too Many Requests. Rate limited. Try after a while.
[09:27:46]   Rate limited，等待 53s 后重试...
[09:28:38]   下载 MSFT (尝试 4/6)...
[09:28:40] [ERR]   MSFT 尝试 4 失败 | Too Many Requests. Rate limited. Try after a while.
[09:28:40]   Rate limited，等待 93s 后重试...
[09:30:13]   下载 MSFT (尝试 5/6)...
[09:30:15] [ERR]   MSFT 尝试 5 失败 | Too Many Requests. Rate limited. Try after a while.
[09:30:15]   Rate limited，等待 120s 后重试...
[09:32:15]   下载 MSFT (尝试 6/6)...
[09:32:35] [ERR]   MSFT 尝试 6 失败 | Too Many Requests. Rate limited. Try after a while.
[09:32:35] [ERR]   MSFT 所有重试均失败 | Too Many Requests. Rate limited. Try after a while.
[09:32:35]   等待 22s 后处理下一个 ticker...
[09:32:57] [11/51] 处理 NET...
[09:32:57]   下载 NET (尝试 1/6)...
[09:33:10] [ERR]   NET 尝试 1 失败 | Too Many Requests. Rate limited. Try after a while.
[09:33:10]   Rate limited，等待 25s 后重试...
[09:33:36]   下载 NET (尝试 2/6)...
[09:33:38] [ERR]   NET 尝试 2 失败 | Too Many Requests. Rate limited. Try after a while.
[09:33:38]   Rate limited，等待 28s 后重试...
[09:34:06]   下载 NET (尝试 3/6)...
[09:34:10] [ERR]   NET 尝试 3 失败 | Too Many Requests. Rate limited. Try after a while.
[09:34:10]   Rate limited，等待 59s 后重试...
[09:35:09]   下载 NET (尝试 4/6)...
[09:35:11] [ERR]   NET 尝试 4 失败 | Too Many Requests. Rate limited. Try after a while.
[09:35:11]   Rate limited，等待 100s 后重试...
[09:36:51]   下载 NET (尝试 5/6)...
[09:36:52] [ERR]   NET 尝试 5 失败 | Too Many Requests. Rate limited. Try after a while.
[09:36:52]   Rate limited，等待 120s 后重试...
[09:38:52]   下载 NET (尝试 6/6)...
[09:39:04] [ERR]   NET 尝试 6 失败 | Too Many Requests. Rate limited. Try after a while.
[09:39:04] [ERR]   NET 所有重试均失败 | Too Many Requests. Rate limited. Try after a while.
[09:39:04]   等待 17s 后处理下一个 ticker...
[09:39:22] [12/51] 处理 NFLX...
[09:39:22]   下载 NFLX (尝试 1/6)...
[09:39:32] [ERR]   NFLX 尝试 1 失败 | Too Many Requests. Rate limited. Try after a while.
[09:39:32]   Rate limited，等待 24s 后重试...
[09:39:57]   下载 NFLX (尝试 2/6)...
[09:39:59] [ERR]   NFLX 尝试 2 失败 | Too Many Requests. Rate limited. Try after a while.
[09:39:59]   Rate limited，等待 29s 后重试...
[09:40:27]   下载 NFLX (尝试 3/6)...
[09:40:29] [ERR]   NFLX 尝试 3 失败 | Too Many Requests. Rate limited. Try after a while.
[09:40:29]   Rate limited，等待 54s 后重试...
[09:41:23]   下载 NFLX (尝试 4/6)...
[09:41:24] [ERR]   NFLX 尝试 4 失败 | Too Many Requests. Rate limited. Try after a while.
[09:41:24]   Rate limited，等待 99s 后重试...
[09:43:03]   下载 NFLX (尝试 5/6)...
[09:43:10] [ERR]   NFLX 尝试 5 失败 | Too Many Requests. Rate limited. Try after a while.
[09:43:10]   Rate limited，等待 120s 后重试...
[09:45:10]   下载 NFLX (尝试 6/6)...
[09:45:13] [ERR]   NFLX 尝试 6 失败 | Too Many Requests. Rate limited. Try after a while.
[09:45:13] [ERR]   NFLX 所有重试均失败 | Too Many Requests. Rate limited. Try after a while.
[09:45:13]   等待 21s 后处理下一个 ticker...
[09:45:34] [13/51] 处理 NOW...
[09:45:34]   下载 NOW (尝试 1/6)...
[09:45:44] [ERR]   NOW 尝试 1 失败 | Too Many Requests. Rate limited. Try after a while.
[09:45:44]   Rate limited，等待 19s 后重试...
[09:46:02]   下载 NOW (尝试 2/6)...
[09:46:04] [ERR]   NOW 尝试 2 失败 | Too Many Requests. Rate limited. Try after a while.
[09:46:04]   Rate limited，等待 29s 后重试...
[09:46:33]   下载 NOW (尝试 3/6)...
[09:46:36] [ERR]   NOW 尝试 3 失败 | Too Many Requests. Rate limited. Try after a while.
[09:46:36]   Rate limited，等待 50s 后重试...
[09:47:26]   下载 NOW (尝试 4/6)...
[09:47:28] [ERR]   NOW 尝试 4 失败 | Too Many Requests. Rate limited. Try after a while.
[09:47:28]   Rate limited，等待 89s 后重试...
[09:48:56]   下载 NOW (尝试 5/6)...
[09:48:59] [ERR]   NOW 尝试 5 失败 | Too Many Requests. Rate limited. Try after a while.
[09:48:59]   Rate limited，等待 120s 后重试...
[09:50:59]   下载 NOW (尝试 6/6)...
[09:51:03] [ERR]   NOW 尝试 6 失败 | Too Many Requests. Rate limited. Try after a while.
[09:51:03] [ERR]   NOW 所有重试均失败 | Too Many Requests. Rate limited. Try after a while.
[09:51:03]   等待 21s 后处理下一个 ticker...
[09:51:23] [14/51] 处理 NVDA...
[09:51:23]   下载 NVDA (尝试 1/6)...
[09:51:40] [ERR]   NVDA 尝试 1 失败 | Too Many Requests. Rate limited. Try after a while.
[09:51:40]   Rate limited，等待 28s 后重试...
[09:52:08]   下载 NVDA (尝试 2/6)...
[09:52:09] [ERR]   NVDA 尝试 2 失败 | Too Many Requests. Rate limited. Try after a while.
[09:52:09]   Rate limited，等待 37s 后重试...
[09:52:46]   下载 NVDA (尝试 3/6)...
[09:52:52] [ERR]   NVDA 尝试 3 失败 | Too Many Requests. Rate limited. Try after a while.
[09:52:52]   Rate limited，等待 53s 后重试...
[09:53:44]   下载 NVDA (尝试 4/6)...
[09:53:45] [ERR]   NVDA 尝试 4 失败 | Too Many Requests. Rate limited. Try after a while.
[09:53:45]   Rate limited，等待 92s 后重试...
[09:55:17]   下载 NVDA (尝试 5/6)...
[09:55:36] [ERR]   NVDA 尝试 5 失败 | Too Many Requests. Rate limited. Try after a while.
[09:55:36]   Rate limited，等待 120s 后重试...
[09:57:36]   下载 NVDA (尝试 6/6)...
[09:57:50] [ERR]   NVDA 尝试 6 失败 | Too Many Requests. Rate limited. Try after a while.
[09:57:50] [ERR]   NVDA 所有重试均失败 | Too Many Requests. Rate limited. Try after a while.
[09:57:50]   等待 20s 后处理下一个 ticker...
[09:58:09] [15/51] 处理 ORCL...
[09:58:09]   下载 ORCL (尝试 1/6)...
[09:58:21] [ERR]   ORCL 尝试 1 失败 | Too Many Requests. Rate limited. Try after a while.
[09:58:21]   Rate limited，等待 30s 后重试...
[09:58:51]   下载 ORCL (尝试 2/6)...
[09:58:53] [ERR]   ORCL 尝试 2 失败 | Too Many Requests. Rate limited. Try after a while.
[09:58:53]   Rate limited，等待 25s 后重试...
[09:59:19]   下载 ORCL (尝试 3/6)...
[09:59:20] [ERR]   ORCL 尝试 3 失败 | Too Many Requests. Rate limited. Try after a while.
[09:59:20]   Rate limited，等待 48s 后重试...
[10:00:07]   下载 ORCL (尝试 4/6)...
[10:00:26] [ERR]   ORCL 尝试 4 失败 | Too Many Requests. Rate limited. Try after a while.
[10:00:26]   Rate limited，等待 86s 后重试...
[10:01:52]   下载 ORCL (尝试 5/6)...
[10:01:55] [ERR]   ORCL 尝试 5 失败 | Too Many Requests. Rate limited. Try after a while.
[10:01:55]   Rate limited，等待 120s 后重试...
[10:03:55]   下载 ORCL (尝试 6/6)...
[10:03:58] [ERR]   ORCL 尝试 6 失败 | Too Many Requests. Rate limited. Try after a while.
[10:03:58] [ERR]   ORCL 所有重试均失败 | Too Many Requests. Rate limited. Try after a while.
[10:03:58]   等待 14s 后处理下一个 ticker...
[10:04:12] [16/51] 处理 PLTR...
[10:04:12]   下载 PLTR (尝试 1/6)...
[10:04:19] [ERR]   PLTR 尝试 1 失败 | Too Many Requests. Rate limited. Try after a while.
[10:04:19]   Rate limited，等待 17s 后重试...
[10:04:36]   下载 PLTR (尝试 2/6)...
[10:04:37] [ERR]   PLTR 尝试 2 失败 | Too Many Requests. Rate limited. Try after a while.
[10:04:37]   Rate limited，等待 29s 后重试...
[10:05:06]   下载 PLTR (尝试 3/6)...
[10:05:08] [ERR]   PLTR 尝试 3 失败 | Too Many Requests. Rate limited. Try after a while.
[10:05:08]   Rate limited，等待 50s 后重试...
[10:05:58]   下载 PLTR (尝试 4/6)...
[10:06:06] [ERR]   PLTR 尝试 4 失败 | Too Many Requests. Rate limited. Try after a while.
[10:06:06]   Rate limited，等待 94s 后重试...
[10:07:40]   下载 PLTR (尝试 5/6)...
[10:07:42] [ERR]   PLTR 尝试 5 失败 | Too Many Requests. Rate limited. Try after a while.
[10:07:42]   Rate limited，等待 120s 后重试...
[10:09:42]   下载 PLTR (尝试 6/6)...
[10:09:55] [ERR]   PLTR 尝试 6 失败 | Too Many Requests. Rate limited. Try after a while.
[10:09:55] [ERR]   PLTR 所有重试均失败 | Too Many Requests. Rate limited. Try after a while.
[10:09:55]   等待 10s 后处理下一个 ticker...
[10:10:06] [17/51] 处理 SHOP...
[10:10:06]   下载 SHOP (尝试 1/6)...
[10:10:14] [ERR]   SHOP 尝试 1 失败 | Too Many Requests. Rate limited. Try after a while.
[10:10:14]   Rate limited，等待 24s 后重试...
[10:10:38]   下载 SHOP (尝试 2/6)...
[10:10:38] [ERR]   SHOP 尝试 2 失败 | Too Many Requests. Rate limited. Try after a while.
[10:10:39]   Rate limited，等待 34s 后重试...
[10:11:12]   下载 SHOP (尝试 3/6)...
[10:11:14] [ERR]   SHOP 尝试 3 失败 | Too Many Requests. Rate limited. Try after a while.
[10:11:14]   Rate limited，等待 58s 后重试...
[10:12:12]   下载 SHOP (尝试 4/6)...
[10:12:17] [ERR]   SHOP 尝试 4 失败 | Too Many Requests. Rate limited. Try after a while.
[10:12:17]   Rate limited，等待 98s 后重试...
[10:13:55]   下载 SHOP (尝试 5/6)...
[10:13:55] [ERR]   SHOP 尝试 5 失败 | Too Many Requests. Rate limited. Try after a while.
[10:13:55]   Rate limited，等待 120s 后重试...
[10:15:55]   下载 SHOP (尝试 6/6)...
[10:16:05] [ERR]   SHOP 尝试 6 失败 | Too Many Requests. Rate limited. Try after a while.
[10:16:05] [ERR]   SHOP 所有重试均失败 | Too Many Requests. Rate limited. Try after a while.
[10:16:05]   等待 22s 后处理下一个 ticker...
[10:16:28] [18/51] 处理 SNOW...
[10:16:28]   下载 SNOW (尝试 1/6)...
[10:16:42] [ERR]   SNOW 尝试 1 失败 | Too Many Requests. Rate limited. Try after a while.
[10:16:42]   Rate limited，等待 18s 后重试...
[10:17:00]   下载 SNOW (尝试 2/6)...
[10:17:01] [ERR]   SNOW 尝试 2 失败 | Too Many Requests. Rate limited. Try after a while.
[10:17:01]   Rate limited，等待 36s 后重试...
[10:17:36]   下载 SNOW (尝试 3/6)...
[10:18:16] [ERR]   SNOW 尝试 3 失败 | Too Many Requests. Rate limited. Try after a while.
[10:18:16]   Rate limited，等待 47s 后重试...
[10:19:03]   下载 SNOW (尝试 4/6)...
[10:19:06] [ERR]   SNOW 尝试 4 失败 | Too Many Requests. Rate limited. Try after a while.
[10:19:06]   Rate limited，等待 90s 后重试...
[10:20:37]   下载 SNOW (尝试 5/6)...
[10:20:43] [ERR]   SNOW 尝试 5 失败 | Too Many Requests. Rate limited. Try after a while.
[10:20:43]   Rate limited，等待 120s 后重试...
[10:22:43]   下载 SNOW (尝试 6/6)...
[10:22:57] [ERR]   SNOW 尝试 6 失败 | 'NoneType' object is not subscriptable
[10:22:57] [ERR]   SNOW 所有重试均失败 | 'NoneType' object is not subscriptable
[10:22:57]   等待 11s 后处理下一个 ticker...
[10:23:08] [19/51] 处理 TSLA...
[10:23:08]   下载 TSLA (尝试 1/6)...
[10:24:13] [ERR]   TSLA 尝试 1 失败 | Too Many Requests. Rate limited. Try after a while.
[10:24:13]   Rate limited，等待 19s 后重试...
[10:24:33]   下载 TSLA (尝试 2/6)...
[10:24:34] [ERR]   TSLA 尝试 2 失败 | Too Many Requests. Rate limited. Try after a while.
[10:24:34]   Rate limited，等待 35s 后重试...
[10:25:10]   下载 TSLA (尝试 3/6)...
[10:25:12] [ERR]   TSLA 尝试 3 失败 | Too Many Requests. Rate limited. Try after a while.
[10:25:12]   Rate limited，等待 46s 后重试...
[10:25:58]   下载 TSLA (尝试 4/6)...
[10:26:00] [ERR]   TSLA 尝试 4 失败 | Too Many Requests. Rate limited. Try after a while.
[10:26:00]   Rate limited，等待 87s 后重试...
[10:27:28]   下载 TSLA (尝试 5/6)...
[10:27:32] [ERR]   TSLA 尝试 5 失败 | Too Many Requests. Rate limited. Try after a while.
[10:27:32]   Rate limited，等待 120s 后重试...
[10:29:32]   下载 TSLA (尝试 6/6)...
[10:29:38] [ERR]   TSLA 尝试 6 失败 | Too Many Requests. Rate limited. Try after a while.
[10:29:38] [ERR]   TSLA 所有重试均失败 | Too Many Requests. Rate limited. Try after a while.
[10:29:38]   等待 15s 后处理下一个 ticker...
[10:29:53] [20/51] 处理 DIA...
[10:29:53]   下载 DIA (尝试 1/6)...
[10:30:08] [ERR]   DIA 尝试 1 失败 | Too Many Requests. Rate limited. Try after a while.
[10:30:08]   Rate limited，等待 17s 后重试...
[10:30:25]   下载 DIA (尝试 2/6)...
[10:30:26] [ERR]   DIA 尝试 2 失败 | Too Many Requests. Rate limited. Try after a while.
[10:30:26]   Rate limited，等待 36s 后重试...
[10:31:03]   下载 DIA (尝试 3/6)...
[10:31:07] [ERR]   DIA 尝试 3 失败 | Too Many Requests. Rate limited. Try after a while.
[10:31:07]   Rate limited，等待 52s 后重试...
[10:31:59]   下载 DIA (尝试 4/6)...
[10:32:01] [ERR]   DIA 尝试 4 失败 | Too Many Requests. Rate limited. Try after a while.
[10:32:01]   Rate limited，等待 95s 后重试...
[10:33:36]   下载 DIA (尝试 5/6)...
[10:33:39] [ERR]   DIA 尝试 5 失败 | Too Many Requests. Rate limited. Try after a while.
[10:33:39]   Rate limited，等待 120s 后重试...
[10:35:39]   下载 DIA (尝试 6/6)...
Failed to get ticker 'DIA' reason: Failed to perform, curl: (28) Operation timed out after 10011 milliseconds with 0 bytes received. See https://curl.se/libcurl/c/libcurl-errors.html first for more details.
[10:35:54] [ERR]   DIA 尝试 6 失败 | Too Many Requests. Rate limited. Try after a while.
[10:35:54] [ERR]   DIA 所有重试均失败 | Too Many Requests. Rate limited. Try after a while.
[10:35:54]   等待 22s 后处理下一个 ticker...
[10:36:16] [21/51] 处理 IWM...
[10:36:16]   下载 IWM (尝试 1/6)...
[10:36:40] [ERR]   IWM 尝试 1 失败 | Too Many Requests. Rate limited. Try after a while.
[10:36:40]   Rate limited，等待 27s 后重试...
[10:37:07]   下载 IWM (尝试 2/6)...
[10:37:09] [ERR]   IWM 尝试 2 失败 | Too Many Requests. Rate limited. Try after a while.
[10:37:09]   Rate limited，等待 37s 后重试...
[10:37:45]   下载 IWM (尝试 3/6)...
[10:37:47] [ERR]   IWM 尝试 3 失败 | Too Many Requests. Rate limited. Try after a while.
[10:37:47]   Rate limited，等待 49s 后重试...
[10:38:36]   下载 IWM (尝试 4/6)...
[10:38:37] [ERR]   IWM 尝试 4 失败 | Too Many Requests. Rate limited. Try after a while.
[10:38:37]   Rate limited，等待 95s 后重试...
[10:40:12]   下载 IWM (尝试 5/6)...
[10:40:14] [ERR]   IWM 尝试 5 失败 | Too Many Requests. Rate limited. Try after a while.
[10:40:14]   Rate limited，等待 120s 后重试...
[10:42:14]   下载 IWM (尝试 6/6)...
[10:42:19] [ERR]   IWM 尝试 6 失败 | Too Many Requests. Rate limited. Try after a while.
[10:42:19] [ERR]   IWM 所有重试均失败 | Too Many Requests. Rate limited. Try after a while.
[10:42:19]   等待 15s 后处理下一个 ticker...
[10:42:34] [22/51] 处理 QQQ...
[10:42:34]   下载 QQQ (尝试 1/6)...
[10:43:17] [ERR]   QQQ 尝试 1 失败 | 'NoneType' object is not subscriptable
[10:43:17]   等待 19s 后重试...
[10:43:36]   下载 QQQ (尝试 2/6)...
[10:43:39] [ERR]   QQQ 尝试 2 失败 | Too Many Requests. Rate limited. Try after a while.
[10:43:39]   Rate limited，等待 36s 后重试...
[10:44:15]   下载 QQQ (尝试 3/6)...
[10:44:18] [ERR]   QQQ 尝试 3 失败 | Too Many Requests. Rate limited. Try after a while.
[10:44:18]   Rate limited，等待 54s 后重试...
[10:45:12]   下载 QQQ (尝试 4/6)...
[10:45:16] [ERR]   QQQ 尝试 4 失败 | Too Many Requests. Rate limited. Try after a while.
[10:45:16]   Rate limited，等待 92s 后重试...
[10:46:47]   下载 QQQ (尝试 5/6)...
[10:47:11] [ERR]   QQQ 尝试 5 失败 | 'NoneType' object is not subscriptable
[10:47:11]   等待 56s 后重试...
[10:48:08]   下载 QQQ (尝试 6/6)...
[10:48:12] [ERR]   QQQ 尝试 6 失败 | Too Many Requests. Rate limited. Try after a while.
[10:48:12] [ERR]   QQQ 所有重试均失败 | Too Many Requests. Rate limited. Try after a while.
[10:48:12]   等待 16s 后处理下一个 ticker...
[10:48:28] [23/51] 处理 SPY...
[10:48:28]   下载 SPY (尝试 1/6)...
[10:48:41] [ERR]   SPY 尝试 1 失败 | Too Many Requests. Rate limited. Try after a while.
[10:48:41]   Rate limited，等待 19s 后重试...
[10:49:01]   下载 SPY (尝试 2/6)...
[10:49:02] [ERR]   SPY 尝试 2 失败 | Too Many Requests. Rate limited. Try after a while.
[10:49:02]   Rate limited，等待 38s 后重试...
[10:49:40]   下载 SPY (尝试 3/6)...
[10:49:41] [ERR]   SPY 尝试 3 失败 | Too Many Requests. Rate limited. Try after a while.
[10:49:41]   Rate limited，等待 60s 后重试...
[10:50:41]   下载 SPY (尝试 4/6)...
[10:50:41] [ERR]   SPY 尝试 4 失败 | Too Many Requests. Rate limited. Try after a while.
[10:50:41]   Rate limited，等待 92s 后重试...
[10:52:14]   下载 SPY (尝试 5/6)...
[10:52:16] [ERR]   SPY 尝试 5 失败 | Too Many Requests. Rate limited. Try after a while.
[10:52:16]   Rate limited，等待 120s 后重试...
[10:54:16]   下载 SPY (尝试 6/6)...
[10:54:21] [ERR]   SPY 尝试 6 失败 | Too Many Requests. Rate limited. Try after a while.
[10:54:21] [ERR]   SPY 所有重试均失败 | Too Many Requests. Rate limited. Try after a while.
[10:54:21]   等待 20s 后处理下一个 ticker...
[10:54:41] [24/51] 处理 ARKK...
[10:54:41]   下载 ARKK (尝试 1/6)...
[10:54:59] [ERR]   ARKK 尝试 1 失败 | Too Many Requests. Rate limited. Try after a while.
[10:54:59]   Rate limited，等待 20s 后重试...
[10:55:19]   下载 ARKK (尝试 2/6)...
[10:55:23] [ERR]   ARKK 尝试 2 失败 | Too Many Requests. Rate limited. Try after a while.
[10:55:23]   Rate limited，等待 34s 后重试...
[10:55:57]   下载 ARKK (尝试 3/6)...
[10:56:06] [ERR]   ARKK 尝试 3 失败 | Too Many Requests. Rate limited. Try after a while.
[10:56:06]   Rate limited，等待 55s 后重试...
[10:57:01]   下载 ARKK (尝试 4/6)...
[10:57:04] [ERR]   ARKK 尝试 4 失败 | Too Many Requests. Rate limited. Try after a while.
[10:57:04]   Rate limited，等待 99s 后重试...
[10:58:43]   下载 ARKK (尝试 5/6)...
[10:58:46] [ERR]   ARKK 尝试 5 失败 | Too Many Requests. Rate limited. Try after a while.
[10:58:46]   Rate limited，等待 120s 后重试...
[11:00:46]   下载 ARKK (尝试 6/6)...
[11:00:59] [ERR]   ARKK 尝试 6 失败 | Too Many Requests. Rate limited. Try after a while.
[11:00:59] [ERR]   ARKK 所有重试均失败 | Too Many Requests. Rate limited. Try after a while.
[11:00:59]   等待 12s 后处理下一个 ticker...
[11:01:11] [25/51] 处理 CIBR...
[11:01:11]   下载 CIBR (尝试 1/6)...
[11:02:23] [ERR]   CIBR 尝试 1 失败 | 'NoneType' object is not subscriptable
[11:02:23]   等待 15s 后重试...
[11:02:39]   下载 CIBR (尝试 2/6)...
[11:02:51] [ERR]   CIBR 尝试 2 失败 | Too Many Requests. Rate limited. Try after a while.
[11:02:51]   Rate limited，等待 25s 后重试...
[11:03:16]   下载 CIBR (尝试 3/6)...
[11:04:19] [ERR]   CIBR 尝试 3 失败 | 'NoneType' object is not subscriptable
[11:04:19]   等待 33s 后重试...
[11:04:53]   下载 CIBR (尝试 4/6)...
[11:05:00] [ERR]   CIBR 尝试 4 失败 | Too Many Requests. Rate limited. Try after a while.
[11:05:00]   Rate limited，等待 89s 后重试...
[11:06:28]   下载 CIBR (尝试 5/6)...
[11:06:41] [ERR]   CIBR 尝试 5 失败 | Too Many Requests. Rate limited. Try after a while.
[11:06:41]   Rate limited，等待 120s 后重试...
[11:08:41]   下载 CIBR (尝试 6/6)...
[11:09:27] [ERR]   CIBR 尝试 6 失败 | 'NoneType' object is not subscriptable
[11:09:27] [ERR]   CIBR 所有重试均失败 | 'NoneType' object is not subscriptable
[11:09:27]   等待 14s 后处理下一个 ticker...
[11:09:41] [26/51] 处理 IBB...
[11:09:41]   下载 IBB (尝试 1/6)...
[11:10:21] [ERR]   IBB 尝试 1 失败 | Too Many Requests. Rate limited. Try after a while.
[11:10:21]   Rate limited，等待 27s 后重试...
[11:10:48]   下载 IBB (尝试 2/6)...
[11:10:49] [ERR]   IBB 尝试 2 失败 | Too Many Requests. Rate limited. Try after a while.
[11:10:49]   Rate limited，等待 39s 后重试...
[11:11:28]   下载 IBB (尝试 3/6)...
[11:11:31] [ERR]   IBB 尝试 3 失败 | Too Many Requests. Rate limited. Try after a while.
[11:11:31]   Rate limited，等待 53s 后重试...
[11:12:24]   下载 IBB (尝试 4/6)...
[11:12:26] [ERR]   IBB 尝试 4 失败 | Too Many Requests. Rate limited. Try after a while.
[11:12:26]   Rate limited，等待 92s 后重试...
[11:13:58]   下载 IBB (尝试 5/6)...
[11:14:02] [ERR]   IBB 尝试 5 失败 | Too Many Requests. Rate limited. Try after a while.
[11:14:02]   Rate limited，等待 120s 后重试...
[11:16:02]   下载 IBB (尝试 6/6)...
[11:16:14] [ERR]   IBB 尝试 6 失败 | 'NoneType' object is not subscriptable
[11:16:14] [ERR]   IBB 所有重试均失败 | 'NoneType' object is not subscriptable
[11:16:14]   等待 24s 后处理下一个 ticker...
[11:16:37] [27/51] 处理 IGV...
[11:16:37]   下载 IGV (尝试 1/6)...
[11:17:22] [ERR]   IGV 尝试 1 失败 | 'NoneType' object is not subscriptable
[11:17:22]   等待 15s 后重试...
[11:17:37]   下载 IGV (尝试 2/6)...
[11:17:43] [ERR]   IGV 尝试 2 失败 | Too Many Requests. Rate limited. Try after a while.
[11:17:43]   Rate limited，等待 28s 后重试...
[11:18:11]   下载 IGV (尝试 3/6)...
[11:18:16] [ERR]   IGV 尝试 3 失败 | Too Many Requests. Rate limited. Try after a while.
[11:18:16]   Rate limited，等待 52s 后重试...
[11:19:07]   下载 IGV (尝试 4/6)...
[11:19:09] [ERR]   IGV 尝试 4 失败 | Too Many Requests. Rate limited. Try after a while.
[11:19:09]   Rate limited，等待 86s 后重试...
[11:20:35]   下载 IGV (尝试 5/6)...
[11:20:40] [ERR]   IGV 尝试 5 失败 | Too Many Requests. Rate limited. Try after a while.
[11:20:40]   Rate limited，等待 120s 后重试...
[11:22:40]   下载 IGV (尝试 6/6)...
[11:22:43] [ERR]   IGV 尝试 6 失败 | Too Many Requests. Rate limited. Try after a while.
[11:22:43] [ERR]   IGV 所有重试均失败 | Too Many Requests. Rate limited. Try after a while.
[11:22:43]   等待 23s 后处理下一个 ticker...
[11:23:06] [28/51] 处理 SKYY...
[11:23:06]   下载 SKYY (尝试 1/6)...
[11:23:19] [ERR]   SKYY 尝试 1 失败 | Too Many Requests. Rate limited. Try after a while.
[11:23:19]   Rate limited，等待 22s 后重试...
[11:23:41]   下载 SKYY (尝试 2/6)...
[11:23:44] [ERR]   SKYY 尝试 2 失败 | Too Many Requests. Rate limited. Try after a while.
[11:23:44]   Rate limited，等待 37s 后重试...
[11:24:21]   下载 SKYY (尝试 3/6)...
[11:24:24] [ERR]   SKYY 尝试 3 失败 | Too Many Requests. Rate limited. Try after a while.
[11:24:24]   Rate limited，等待 52s 后重试...
[11:25:16]   下载 SKYY (尝试 4/6)...
[11:25:19] [ERR]   SKYY 尝试 4 失败 | Too Many Requests. Rate limited. Try after a while.
[11:25:19]   Rate limited，等待 92s 后重试...
[11:26:51]   下载 SKYY (尝试 5/6)...
[11:27:06] [ERR]   SKYY 尝试 5 失败 | 'NoneType' object is not subscriptable
[11:27:06]   等待 56s 后重试...
[11:28:02]   下载 SKYY (尝试 6/6)...
[11:28:05] [ERR]   SKYY 尝试 6 失败 | Too Many Requests. Rate limited. Try after a while.
[11:28:05] [ERR]   SKYY 所有重试均失败 | Too Many Requests. Rate limited. Try after a while.
[11:28:05]   等待 14s 后处理下一个 ticker...
[11:28:19] [29/51] 处理 SMH...
[11:28:19]   下载 SMH (尝试 1/6)...
[11:28:31] [ERR]   SMH 尝试 1 失败 | Too Many Requests. Rate limited. Try after a while.
[11:28:31]   Rate limited，等待 19s 后重试...
[11:28:50]   下载 SMH (尝试 2/6)...
[11:29:00] [ERR]   SMH 尝试 2 失败 | Too Many Requests. Rate limited. Try after a while.
[11:29:00]   Rate limited，等待 30s 后重试...
[11:29:31]   下载 SMH (尝试 3/6)...
[11:29:32] [ERR]   SMH 尝试 3 失败 | Too Many Requests. Rate limited. Try after a while.
[11:29:32]   Rate limited，等待 49s 后重试...
[11:30:21]   下载 SMH (尝试 4/6)...
[11:30:24] [ERR]   SMH 尝试 4 失败 | Too Many Requests. Rate limited. Try after a while.
[11:30:24]   Rate limited，等待 94s 后重试...
[11:31:58]   下载 SMH (尝试 5/6)...
[11:31:59] [ERR]   SMH 尝试 5 失败 | Too Many Requests. Rate limited. Try after a while.
[11:31:59]   Rate limited，等待 120s 后重试...
[11:33:59]   下载 SMH (尝试 6/6)...
[11:34:02] [ERR]   SMH 尝试 6 失败 | Too Many Requests. Rate limited. Try after a while.
[11:34:02] [ERR]   SMH 所有重试均失败 | Too Many Requests. Rate limited. Try after a while.
[11:34:02]   等待 18s 后处理下一个 ticker...
[11:34:20] [30/51] 处理 SOXX...
[11:34:20]   下载 SOXX (尝试 1/6)...
[11:34:34] [ERR]   SOXX 尝试 1 失败 | Too Many Requests. Rate limited. Try after a while.
[11:34:34]   Rate limited，等待 29s 后重试...
[11:35:03]   下载 SOXX (尝试 2/6)...
[11:35:05] [ERR]   SOXX 尝试 2 失败 | Too Many Requests. Rate limited. Try after a while.
[11:35:05]   Rate limited，等待 30s 后重试...
[11:35:35]   下载 SOXX (尝试 3/6)...
[11:35:39] [ERR]   SOXX 尝试 3 失败 | Too Many Requests. Rate limited. Try after a while.
[11:35:39]   Rate limited，等待 47s 后重试...
[11:36:26]   下载 SOXX (尝试 4/6)...
[11:36:28] [ERR]   SOXX 尝试 4 失败 | Too Many Requests. Rate limited. Try after a while.
[11:36:28]   Rate limited，等待 88s 后重试...
[11:37:56]   下载 SOXX (尝试 5/6)...
[11:38:02] [ERR]   SOXX 尝试 5 失败 | Too Many Requests. Rate limited. Try after a while.
[11:38:02]   Rate limited，等待 120s 后重试...
[11:40:02]   下载 SOXX (尝试 6/6)...
[11:40:10] [ERR]   SOXX 尝试 6 失败 | Too Many Requests. Rate limited. Try after a while.
[11:40:10] [ERR]   SOXX 所有重试均失败 | Too Many Requests. Rate limited. Try after a while.
[11:40:10]   等待 24s 后处理下一个 ticker...
[11:40:35] [31/51] 处理 XBI...
[11:40:35]   下载 XBI (尝试 1/6)...
[11:40:46] [ERR]   XBI 尝试 1 失败 | Too Many Requests. Rate limited. Try after a while.
[11:40:46]   Rate limited，等待 27s 后重试...
[11:41:13]   下载 XBI (尝试 2/6)...
[11:41:15] [ERR]   XBI 尝试 2 失败 | Too Many Requests. Rate limited. Try after a while.
[11:41:15]   Rate limited，等待 27s 后重试...
[11:41:42]   下载 XBI (尝试 3/6)...
[11:41:46] [ERR]   XBI 尝试 3 失败 | Too Many Requests. Rate limited. Try after a while.
[11:41:46]   Rate limited，等待 60s 后重试...
[11:42:46]   下载 XBI (尝试 4/6)...
[11:42:47] [ERR]   XBI 尝试 4 失败 | Too Many Requests. Rate limited. Try after a while.
[11:42:47]   Rate limited，等待 97s 后重试...
[11:44:24]   下载 XBI (尝试 5/6)...
[11:44:29] [ERR]   XBI 尝试 5 失败 | Too Many Requests. Rate limited. Try after a while.
[11:44:29]   Rate limited，等待 120s 后重试...
[11:46:29]   下载 XBI (尝试 6/6)...
[11:46:32] [ERR]   XBI 尝试 6 失败 | Too Many Requests. Rate limited. Try after a while.
[11:46:32] [ERR]   XBI 所有重试均失败 | Too Many Requests. Rate limited. Try after a while.
[11:46:32]   等待 15s 后处理下一个 ticker...
[11:46:47] [32/51] 处理 XLK...
[11:46:47]   下载 XLK (尝试 1/6)...
[11:46:57] [ERR]   XLK 尝试 1 失败 | Too Many Requests. Rate limited. Try after a while.
[11:46:57]   Rate limited，等待 28s 后重试...
[11:47:25]   下载 XLK (尝试 2/6)...
[11:47:32] [ERR]   XLK 尝试 2 失败 | Too Many Requests. Rate limited. Try after a while.
[11:47:32]   Rate limited，等待 39s 后重试...
[11:48:11]   下载 XLK (尝试 3/6)...
[11:48:39] [ERR]   XLK 尝试 3 失败 | Too Many Requests. Rate limited. Try after a while.
[11:48:39]   Rate limited，等待 53s 后重试...
[11:49:32]   下载 XLK (尝试 4/6)...
[11:49:34] [ERR]   XLK 尝试 4 失败 | Too Many Requests. Rate limited. Try after a while.
[11:49:34]   Rate limited，等待 96s 后重试...
[11:51:10]   下载 XLK (尝试 5/6)...
[11:51:14] [ERR]   XLK 尝试 5 失败 | Too Many Requests. Rate limited. Try after a while.
[11:51:14]   Rate limited，等待 120s 后重试...
[11:53:14]   下载 XLK (尝试 6/6)...
[11:53:17] [ERR]   XLK 尝试 6 失败 | Too Many Requests. Rate limited. Try after a while.
[11:53:17] [ERR]   XLK 所有重试均失败 | Too Many Requests. Rate limited. Try after a while.
[11:53:17]   等待 19s 后处理下一个 ticker...
[11:53:36] [33/51] 处理 QLD...
[11:53:36]   下载 QLD (尝试 1/6)...
[11:53:49] [ERR]   QLD 尝试 1 失败 | Too Many Requests. Rate limited. Try after a while.
[11:53:49]   Rate limited，等待 15s 后重试...
[11:54:05]   下载 QLD (尝试 2/6)...
[11:54:06] [ERR]   QLD 尝试 2 失败 | Too Many Requests. Rate limited. Try after a while.
[11:54:06]   Rate limited，等待 35s 后重试...
[11:54:41]   下载 QLD (尝试 3/6)...
[11:54:42] [ERR]   QLD 尝试 3 失败 | Too Many Requests. Rate limited. Try after a while.
[11:54:42]   Rate limited，等待 46s 后重试...
[11:55:29]   下载 QLD (尝试 4/6)...
[11:55:31] [ERR]   QLD 尝试 4 失败 | Too Many Requests. Rate limited. Try after a while.
[11:55:31]   Rate limited，等待 90s 后重试...
[11:57:01]   下载 QLD (尝试 5/6)...
[11:57:05] [ERR]   QLD 尝试 5 失败 | Too Many Requests. Rate limited. Try after a while.
[11:57:05]   Rate limited，等待 120s 后重试...
[11:59:05]   下载 QLD (尝试 6/6)...
[11:59:14] [ERR]   QLD 尝试 6 失败 | Too Many Requests. Rate limited. Try after a while.
[11:59:14] [ERR]   QLD 所有重试均失败 | Too Many Requests. Rate limited. Try after a while.
[11:59:14]   等待 13s 后处理下一个 ticker...
[11:59:27] [34/51] 处理 SOXL...
[11:59:27]   下载 SOXL (尝试 1/6)...
[11:59:46] [ERR]   SOXL 尝试 1 失败 | Too Many Requests. Rate limited. Try after a while.
[11:59:46]   Rate limited，等待 18s 后重试...
[12:00:04]   下载 SOXL (尝试 2/6)...
[12:00:24] [ERR]   SOXL 尝试 2 失败 | Too Many Requests. Rate limited. Try after a while.
[12:00:24]   Rate limited，等待 39s 后重试...
[12:01:02]   下载 SOXL (尝试 3/6)...
[12:01:07] [ERR]   SOXL 尝试 3 失败 | Too Many Requests. Rate limited. Try after a while.
[12:01:07]   Rate limited，等待 58s 后重试...
[12:02:05]   下载 SOXL (尝试 4/6)...
[12:02:10] [ERR]   SOXL 尝试 4 失败 | Too Many Requests. Rate limited. Try after a while.
[12:02:10]   Rate limited，等待 100s 后重试...
[12:03:50]   下载 SOXL (尝试 5/6)...
[12:03:52] [ERR]   SOXL 尝试 5 失败 | Too Many Requests. Rate limited. Try after a while.
[12:03:52]   Rate limited，等待 120s 后重试...
[12:05:52]   下载 SOXL (尝试 6/6)...
[12:05:56] [ERR]   SOXL 尝试 6 失败 | Too Many Requests. Rate limited. Try after a while.
[12:05:56] [ERR]   SOXL 所有重试均失败 | Too Many Requests. Rate limited. Try after a while.
[12:05:56]   等待 16s 后处理下一个 ticker...
[12:06:12] [35/51] 处理 SSO...
[12:06:12]   下载 SSO (尝试 1/6)...
[12:06:26] [ERR]   SSO 尝试 1 失败 | Too Many Requests. Rate limited. Try after a while.
[12:06:26]   Rate limited，等待 23s 后重试...
[12:06:49]   下载 SSO (尝试 2/6)...
[12:06:51] [ERR]   SSO 尝试 2 失败 | Too Many Requests. Rate limited. Try after a while.
[12:06:51]   Rate limited，等待 37s 后重试...
[12:07:29]   下载 SSO (尝试 3/6)...
[12:08:29] [ERR]   SSO 尝试 3 失败 | 'NoneType' object is not subscriptable
[12:08:29]   等待 39s 后重试...
[12:09:08]   下载 SSO (尝试 4/6)...
[12:09:15] [ERR]   SSO 尝试 4 失败 | Too Many Requests. Rate limited. Try after a while.
[12:09:15]   Rate limited，等待 92s 后重试...
[12:10:47]   下载 SSO (尝试 5/6)...
[12:10:48] [ERR]   SSO 尝试 5 失败 | Too Many Requests. Rate limited. Try after a while.
[12:10:48]   Rate limited，等待 120s 后重试...
[12:12:48]   下载 SSO (尝试 6/6)...
[12:12:54] [ERR]   SSO 尝试 6 失败 | Too Many Requests. Rate limited. Try after a while.
[12:12:54] [ERR]   SSO 所有重试均失败 | Too Many Requests. Rate limited. Try after a while.
[12:12:54]   等待 10s 后处理下一个 ticker...
[12:13:04] [36/51] 处理 TQQQ...
[12:13:04]   下载 TQQQ (尝试 1/6)...
[12:13:20] [ERR]   TQQQ 尝试 1 失败 | Too Many Requests. Rate limited. Try after a while.
[12:13:20]   Rate limited，等待 19s 后重试...
[12:13:38]   下载 TQQQ (尝试 2/6)...
[12:13:40] [ERR]   TQQQ 尝试 2 失败 | Too Many Requests. Rate limited. Try after a while.
[12:13:40]   Rate limited，等待 28s 后重试...
[12:14:08]   下载 TQQQ (尝试 3/6)...
[12:14:10] [ERR]   TQQQ 尝试 3 失败 | Too Many Requests. Rate limited. Try after a while.
[12:14:10]   Rate limited，等待 49s 后重试...
[12:14:59]   下载 TQQQ (尝试 4/6)...
[12:15:03] [ERR]   TQQQ 尝试 4 失败 | Too Many Requests. Rate limited. Try after a while.
[12:15:03]   Rate limited，等待 99s 后重试...
[12:16:42]   下载 TQQQ (尝试 5/6)...
[12:16:43] [ERR]   TQQQ 尝试 5 失败 | Too Many Requests. Rate limited. Try after a while.
[12:16:43]   Rate limited，等待 120s 后重试...
[12:18:43]   下载 TQQQ (尝试 6/6)...
[12:19:03] [ERR]   TQQQ 尝试 6 失败 | Too Many Requests. Rate limited. Try after a while.
[12:19:03] [ERR]   TQQQ 所有重试均失败 | Too Many Requests. Rate limited. Try after a while.
[12:19:03]   等待 13s 后处理下一个 ticker...
[12:19:15] [37/51] 处理 UPRO...
[12:19:15]   下载 UPRO (尝试 1/6)...
[12:19:30] [ERR]   UPRO 尝试 1 失败 | Too Many Requests. Rate limited. Try after a while.
[12:19:30]   Rate limited，等待 20s 后重试...
[12:19:50]   下载 UPRO (尝试 2/6)...
[12:20:03] [ERR]   UPRO 尝试 2 失败 | Too Many Requests. Rate limited. Try after a while.
[12:20:03]   Rate limited，等待 40s 后重试...
[12:20:42]   下载 UPRO (尝试 3/6)...
[12:20:47] [ERR]   UPRO 尝试 3 失败 | Too Many Requests. Rate limited. Try after a while.
[12:20:47]   Rate limited，等待 56s 后重试...
[12:21:42]   下载 UPRO (尝试 4/6)...
[12:21:46] [ERR]   UPRO 尝试 4 失败 | Too Many Requests. Rate limited. Try after a while.
[12:21:46]   Rate limited，等待 92s 后重试...
[12:23:18]   下载 UPRO (尝试 5/6)...
[12:23:22] [ERR]   UPRO 尝试 5 失败 | Too Many Requests. Rate limited. Try after a while.
[12:23:22]   Rate limited，等待 120s 后重试...
[12:25:22]   下载 UPRO (尝试 6/6)...
[12:25:25] [ERR]   UPRO 尝试 6 失败 | Too Many Requests. Rate limited. Try after a while.
[12:25:25] [ERR]   UPRO 所有重试均失败 | Too Many Requests. Rate limited. Try after a while.
[12:25:25]   等待 19s 后处理下一个 ticker...
[12:25:44] [38/51] 处理 AFRM...
[12:25:44]   下载 AFRM (尝试 1/6)...
[12:26:31] [ERR]   AFRM 尝试 1 失败 | Too Many Requests. Rate limited. Try after a while.
[12:26:31]   Rate limited，等待 30s 后重试...
[12:27:01]   下载 AFRM (尝试 2/6)...
[12:27:19] [ERR]   AFRM 尝试 2 失败 | Too Many Requests. Rate limited. Try after a while.
[12:27:19]   Rate limited，等待 27s 后重试...
[12:27:46]   下载 AFRM (尝试 3/6)...
[12:27:47] [ERR]   AFRM 尝试 3 失败 | Too Many Requests. Rate limited. Try after a while.
[12:27:47]   Rate limited，等待 56s 后重试...
[12:28:43]   下载 AFRM (尝试 4/6)...
[12:28:45] [ERR]   AFRM 尝试 4 失败 | Too Many Requests. Rate limited. Try after a while.
[12:28:45]   Rate limited，等待 90s 后重试...
[12:30:15]   下载 AFRM (尝试 5/6)...
[12:30:16] [ERR]   AFRM 尝试 5 失败 | Too Many Requests. Rate limited. Try after a while.
[12:30:16]   Rate limited，等待 120s 后重试...
[12:32:16]   下载 AFRM (尝试 6/6)...
[12:32:24] [ERR]   AFRM 尝试 6 失败 | Too Many Requests. Rate limited. Try after a while.
[12:32:24] [ERR]   AFRM 所有重试均失败 | Too Many Requests. Rate limited. Try after a while.
[12:32:24]   等待 11s 后处理下一个 ticker...
[12:32:35] [39/51] 处理 COIN...
[12:32:35]   下载 COIN (尝试 1/6)...
[12:32:44] [ERR]   COIN 尝试 1 失败 | Too Many Requests. Rate limited. Try after a while.
[12:32:44]   Rate limited，等待 23s 后重试...
[12:33:07]   下载 COIN (尝试 2/6)...
[12:33:09] [ERR]   COIN 尝试 2 失败 | Too Many Requests. Rate limited. Try after a while.
[12:33:09]   Rate limited，等待 27s 后重试...
[12:33:36]   下载 COIN (尝试 3/6)...
[12:33:38] [ERR]   COIN 尝试 3 失败 | Too Many Requests. Rate limited. Try after a while.
[12:33:38]   Rate limited，等待 57s 后重试...
[12:34:35]   下载 COIN (尝试 4/6)...
[12:35:35] [ERR]   COIN 尝试 4 失败 | 'NoneType' object is not subscriptable
[12:35:35]   等待 48s 后重试...
[12:36:23]   下载 COIN (尝试 5/6)...
[12:36:38] [ERR]   COIN 尝试 5 失败 | Too Many Requests. Rate limited. Try after a while.
[12:36:38]   Rate limited，等待 120s 后重试...
[12:38:38]   下载 COIN (尝试 6/6)...
[12:38:57] [ERR]   COIN 尝试 6 失败 | Too Many Requests. Rate limited. Try after a while.
[12:38:57] [ERR]   COIN 所有重试均失败 | Too Many Requests. Rate limited. Try after a while.
[12:38:57]   等待 23s 后处理下一个 ticker...
[12:39:20] [40/51] 处理 LCID...
[12:39:20]   下载 LCID (尝试 1/6)...
[12:39:31] [ERR]   LCID 尝试 1 失败 | Too Many Requests. Rate limited. Try after a while.
[12:39:31]   Rate limited，等待 27s 后重试...
[12:39:59]   下载 LCID (尝试 2/6)...
[12:40:29] [ERR]   LCID 尝试 2 失败 | 'NoneType' object is not subscriptable
[12:40:29]   等待 28s 后重试...
[12:40:58]   下载 LCID (尝试 3/6)...
[12:41:14] [ERR]   LCID 尝试 3 失败 | 'NoneType' object is not subscriptable
[12:41:14]   等待 39s 后重试...
[12:41:52]   下载 LCID (尝试 4/6)...
[12:41:55] [ERR]   LCID 尝试 4 失败 | Too Many Requests. Rate limited. Try after a while.
[12:41:55]   Rate limited，等待 88s 后重试...
[12:43:24]   下载 LCID (尝试 5/6)...
[12:43:26] [ERR]   LCID 尝试 5 失败 | Too Many Requests. Rate limited. Try after a while.
[12:43:26]   Rate limited，等待 120s 后重试...
[12:45:26]   下载 LCID (尝试 6/6)...
[12:45:51] [ERR]   LCID 尝试 6 失败 | Too Many Requests. Rate limited. Try after a while.
[12:45:51] [ERR]   LCID 所有重试均失败 | Too Many Requests. Rate limited. Try after a while.
[12:45:51]   等待 12s 后处理下一个 ticker...
[12:46:03] [41/51] 处理 MSTR...
[12:46:03]   下载 MSTR (尝试 1/6)...
[12:47:12] [ERR]   MSTR 尝试 1 失败 | 'NoneType' object is not subscriptable
[12:47:12]   等待 13s 后重试...
[12:47:25]   下载 MSTR (尝试 2/6)...
[12:48:25] [ERR]   MSTR 尝试 2 失败 | 'NoneType' object is not subscriptable
[12:48:25]   等待 26s 后重试...
[12:48:52]   下载 MSTR (尝试 3/6)...
[12:49:30] [ERR]   MSTR 尝试 3 失败 | Too Many Requests. Rate limited. Try after a while.
[12:49:30]   Rate limited，等待 56s 后重试...
[12:50:26]   下载 MSTR (尝试 4/6)...
[12:51:26] [ERR]   MSTR 尝试 4 失败 | 'NoneType' object is not subscriptable
[12:51:26]   等待 49s 后重试...
[12:52:15]   下载 MSTR (尝试 5/6)...
[12:52:19] [ERR]   MSTR 尝试 5 失败 | Too Many Requests. Rate limited. Try after a while.
[12:52:19]   Rate limited，等待 120s 后重试...
[12:54:19]   下载 MSTR (尝试 6/6)...
[12:54:30] [ERR]   MSTR 尝试 6 失败 | 'NoneType' object is not subscriptable
[12:54:30] [ERR]   MSTR 所有重试均失败 | 'NoneType' object is not subscriptable
[12:54:30]   等待 16s 后处理下一个 ticker...
[12:54:46] [42/51] 处理 RIVN...
[12:54:46]   下载 RIVN (尝试 1/6)...
[12:55:08] [ERR]   RIVN 尝试 1 失败 | Too Many Requests. Rate limited. Try after a while.
[12:55:08]   Rate limited，等待 17s 后重试...
[12:55:26]   下载 RIVN (尝试 2/6)...
[12:55:57] [ERR]   RIVN 尝试 2 失败 | 'NoneType' object is not subscriptable
[12:55:57]   等待 25s 后重试...
[12:56:21]   下载 RIVN (尝试 3/6)...
[12:56:30] [ERR]   RIVN 尝试 3 失败 | Too Many Requests. Rate limited. Try after a while.
[12:56:30]   Rate limited，等待 53s 后重试...
[12:57:23]   下载 RIVN (尝试 4/6)...
[12:57:25] [ERR]   RIVN 尝试 4 失败 | Too Many Requests. Rate limited. Try after a while.
[12:57:25]   Rate limited，等待 90s 后重试...
[12:58:56]   下载 RIVN (尝试 5/6)...
[12:59:21] [ERR]   RIVN 尝试 5 失败 | 'NoneType' object is not subscriptable
[12:59:21]   等待 60s 后重试...
[13:00:21]   下载 RIVN (尝试 6/6)...
[13:00:37] [ERR]   RIVN 尝试 6 失败 | Too Many Requests. Rate limited. Try after a while.
[13:00:37] [ERR]   RIVN 所有重试均失败 | Too Many Requests. Rate limited. Try after a while.
[13:00:37]   等待 14s 后处理下一个 ticker...
[13:00:51] [43/51] 处理 ROKU...
[13:00:51]   下载 ROKU (尝试 1/6)...
[13:01:09] [ERR]   ROKU 尝试 1 失败 | Too Many Requests. Rate limited. Try after a while.
[13:01:09]   Rate limited，等待 29s 后重试...
[13:01:38]   下载 ROKU (尝试 2/6)...
[13:01:40] [ERR]   ROKU 尝试 2 失败 | Too Many Requests. Rate limited. Try after a while.
[13:01:40]   Rate limited，等待 26s 后重试...
[13:02:06]   下载 ROKU (尝试 3/6)...
[13:02:08] [ERR]   ROKU 尝试 3 失败 | Too Many Requests. Rate limited. Try after a while.
[13:02:08]   Rate limited，等待 50s 后重试...
[13:02:57]   下载 ROKU (尝试 4/6)...
[13:03:00] [ERR]   ROKU 尝试 4 失败 | Too Many Requests. Rate limited. Try after a while.
[13:03:00]   Rate limited，等待 86s 后重试...
[13:04:27]   下载 ROKU (尝试 5/6)...
[13:04:48] [ERR]   ROKU 尝试 5 失败 | Too Many Requests. Rate limited. Try after a while.
[13:04:48]   Rate limited，等待 120s 后重试...
[13:06:48]   下载 ROKU (尝试 6/6)...
[13:06:50] [ERR]   ROKU 尝试 6 失败 | Too Many Requests. Rate limited. Try after a while.
[13:06:50] [ERR]   ROKU 所有重试均失败 | Too Many Requests. Rate limited. Try after a while.
[13:06:50]   等待 19s 后处理下一个 ticker...
[13:07:09] [44/51] 处理 UPST...
[13:07:09]   下载 UPST (尝试 1/6)...
[13:07:23] [ERR]   UPST 尝试 1 失败 | Too Many Requests. Rate limited. Try after a while.
[13:07:23]   Rate limited，等待 27s 后重试...
[13:07:50]   下载 UPST (尝试 2/6)...
[13:07:52] [ERR]   UPST 尝试 2 失败 | Too Many Requests. Rate limited. Try after a while.
[13:07:52]   Rate limited，等待 38s 后重试...
[13:08:31]   下载 UPST (尝试 3/6)...
[13:08:36] [ERR]   UPST 尝试 3 失败 | Too Many Requests. Rate limited. Try after a while.
[13:08:36]   Rate limited，等待 53s 后重试...
[13:09:29]   下载 UPST (尝试 4/6)...
[13:10:00] [ERR]   UPST 尝试 4 失败 | Too Many Requests. Rate limited. Try after a while.
[13:10:00]   Rate limited，等待 96s 后重试...
[13:11:36]   下载 UPST (尝试 5/6)...
[13:11:55] [ERR]   UPST 尝试 5 失败 | 'NoneType' object is not subscriptable
[13:11:55]   等待 59s 后重试...
[13:12:54]   下载 UPST (尝试 6/6)...
[13:13:05] [ERR]   UPST 尝试 6 失败 | Too Many Requests. Rate limited. Try after a while.
[13:13:05] [ERR]   UPST 所有重试均失败 | Too Many Requests. Rate limited. Try after a while.
[13:13:05]   等待 16s 后处理下一个 ticker...
[13:13:20] [45/51] 处理 GLD...
[13:13:20]   下载 GLD (尝试 1/6)...
[13:13:31] [ERR]   GLD 尝试 1 失败 | Too Many Requests. Rate limited. Try after a while.
[13:13:31]   Rate limited，等待 27s 后重试...
[13:13:58]   下载 GLD (尝试 2/6)...
[13:13:59] [ERR]   GLD 尝试 2 失败 | Too Many Requests. Rate limited. Try after a while.
[13:13:59]   Rate limited，等待 34s 后重试...
[13:14:33]   下载 GLD (尝试 3/6)...
[13:14:36] [ERR]   GLD 尝试 3 失败 | Too Many Requests. Rate limited. Try after a while.
[13:14:36]   Rate limited，等待 59s 后重试...
[13:15:35]   下载 GLD (尝试 4/6)...
[13:15:42] [ERR]   GLD 尝试 4 失败 | Too Many Requests. Rate limited. Try after a while.
[13:15:42]   Rate limited，等待 98s 后重试...
[13:17:20]   下载 GLD (尝试 5/6)...
[13:17:26] [ERR]   GLD 尝试 5 失败 | Too Many Requests. Rate limited. Try after a while.
[13:17:26]   Rate limited，等待 120s 后重试...
[13:19:26]   下载 GLD (尝试 6/6)...
[13:19:41] [ERR]   GLD 尝试 6 失败 | Too Many Requests. Rate limited. Try after a while.
[13:19:41] [ERR]   GLD 所有重试均失败 | Too Many Requests. Rate limited. Try after a while.
[13:19:41]   等待 20s 后处理下一个 ticker...
[13:20:01] [46/51] 处理 INTC...
[13:20:01]   下载 INTC (尝试 1/6)...
[13:20:11] [ERR]   INTC 尝试 1 失败 | Too Many Requests. Rate limited. Try after a while.
[13:20:11]   Rate limited，等待 27s 后重试...
[13:20:37]   下载 INTC (尝试 2/6)...
[13:20:48] [ERR]   INTC 尝试 2 失败 | Too Many Requests. Rate limited. Try after a while.
[13:20:48]   Rate limited，等待 40s 后重试...
[13:21:28]   下载 INTC (尝试 3/6)...
[13:21:31] [ERR]   INTC 尝试 3 失败 | Too Many Requests. Rate limited. Try after a while.
[13:21:31]   Rate limited，等待 51s 后重试...
[13:22:21]   下载 INTC (尝试 4/6)...
[13:23:01] [ERR]   INTC 尝试 4 失败 | Too Many Requests. Rate limited. Try after a while.
[13:23:01]   Rate limited，等待 91s 后重试...
[13:24:33]   下载 INTC (尝试 5/6)...
[13:24:57] [ERR]   INTC 尝试 5 失败 | 'NoneType' object is not subscriptable
[13:24:57]   等待 53s 后重试...
[13:25:50]   下载 INTC (尝试 6/6)...
[13:26:02] [ERR]   INTC 尝试 6 失败 | 'NoneType' object is not subscriptable
[13:26:02] [ERR]   INTC 所有重试均失败 | 'NoneType' object is not subscriptable
[13:26:02]   等待 13s 后处理下一个 ticker...
[13:26:14] [47/51] 处理 MU...
[13:26:14]   下载 MU (尝试 1/6)...
[13:26:50] [ERR]   MU 尝试 1 失败 | 'NoneType' object is not subscriptable
[13:26:50]   等待 15s 后重试...
[13:27:05]   下载 MU (尝试 2/6)...
[13:27:08] [ERR]   MU 尝试 2 失败 | Too Many Requests. Rate limited. Try after a while.
[13:27:08]   Rate limited，等待 25s 后重试...
[13:27:34]   下载 MU (尝试 3/6)...
[13:27:39] [ERR]   MU 尝试 3 失败 | Too Many Requests. Rate limited. Try after a while.
[13:27:39]   Rate limited，等待 50s 后重试...
[13:28:29]   下载 MU (尝试 4/6)...
[13:29:03] [ERR]   MU 尝试 4 失败 | Too Many Requests. Rate limited. Try after a while.
[13:29:03]   Rate limited，等待 93s 后重试...
[13:30:36]   下载 MU (尝试 5/6)...
[13:30:52] [ERR]   MU 尝试 5 失败 | Too Many Requests. Rate limited. Try after a while.
[13:30:52]   Rate limited，等待 120s 后重试...
[13:32:52]   下载 MU (尝试 6/6)...
[13:32:52] [ERR]   MU 尝试 6 失败 | Too Many Requests. Rate limited. Try after a while.
[13:32:52] [ERR]   MU 所有重试均失败 | Too Many Requests. Rate limited. Try after a while.
[13:32:52]   等待 13s 后处理下一个 ticker...
[13:33:06] [48/51] 处理 PANW...
[13:33:06]   下载 PANW (尝试 1/6)...
[13:33:17] [ERR]   PANW 尝试 1 失败 | Too Many Requests. Rate limited. Try after a while.
[13:33:17]   Rate limited，等待 30s 后重试...
[13:33:47]   下载 PANW (尝试 2/6)...
[13:33:48] [ERR]   PANW 尝试 2 失败 | Too Many Requests. Rate limited. Try after a while.
[13:33:48]   Rate limited，等待 29s 后重试...
[13:34:17]   下载 PANW (尝试 3/6)...
[13:34:22] [ERR]   PANW 尝试 3 失败 | Too Many Requests. Rate limited. Try after a while.
[13:34:22]   Rate limited，等待 45s 后重试...
[13:35:07]   下载 PANW (尝试 4/6)...
[13:35:07] [ERR]   PANW 尝试 4 失败 | Too Many Requests. Rate limited. Try after a while.
[13:35:07]   Rate limited，等待 94s 后重试...
[13:36:42]   下载 PANW (尝试 5/6)...
[13:36:44] [ERR]   PANW 尝试 5 失败 | Too Many Requests. Rate limited. Try after a while.
[13:36:44]   Rate limited，等待 120s 后重试...
[13:38:44]   下载 PANW (尝试 6/6)...
[13:38:48] [ERR]   PANW 尝试 6 失败 | Too Many Requests. Rate limited. Try after a while.
[13:38:48] [ERR]   PANW 所有重试均失败 | Too Many Requests. Rate limited. Try after a while.
[13:38:48]   等待 13s 后处理下一个 ticker...
[13:39:01] [49/51] 处理 SHY...
[13:39:01]   下载 SHY (尝试 1/6)...
[13:39:28] [ERR]   SHY 尝试 1 失败 | Too Many Requests. Rate limited. Try after a while.
[13:39:28]   Rate limited，等待 26s 后重试...
[13:39:55]   下载 SHY (尝试 2/6)...
[13:40:50] [ERR]   SHY 尝试 2 失败 | Too Many Requests. Rate limited. Try after a while.
[13:40:50]   Rate limited，等待 39s 后重试...
[13:41:29]   下载 SHY (尝试 3/6)...
[13:41:38] [ERR]   SHY 尝试 3 失败 | Too Many Requests. Rate limited. Try after a while.
[13:41:38]   Rate limited，等待 53s 后重试...
[13:42:30]   下载 SHY (尝试 4/6)...
[13:42:33] [ERR]   SHY 尝试 4 失败 | Too Many Requests. Rate limited. Try after a while.
[13:42:33]   Rate limited，等待 90s 后重试...
[13:44:03]   下载 SHY (尝试 5/6)...
[13:44:06] [ERR]   SHY 尝试 5 失败 | Too Many Requests. Rate limited. Try after a while.
[13:44:06]   Rate limited，等待 120s 后重试...
[13:46:06]   下载 SHY (尝试 6/6)...
[13:46:15] [ERR]   SHY 尝试 6 失败 | Too Many Requests. Rate limited. Try after a while.
[13:46:15] [ERR]   SHY 所有重试均失败 | Too Many Requests. Rate limited. Try after a while.
[13:46:15]   等待 15s 后处理下一个 ticker...
[13:46:30] [50/51] 处理 TLT...
[13:46:30]   下载 TLT (尝试 1/6)...
[13:46:45] [ERR]   TLT 尝试 1 失败 | Too Many Requests. Rate limited. Try after a while.
[13:46:45]   Rate limited，等待 30s 后重试...
[13:47:15]   下载 TLT (尝试 2/6)...
[13:47:17] [ERR]   TLT 尝试 2 失败 | Too Many Requests. Rate limited. Try after a while.
[13:47:17]   Rate limited，等待 31s 后重试...
[13:47:48]   下载 TLT (尝试 3/6)...
[13:47:50] [ERR]   TLT 尝试 3 失败 | Too Many Requests. Rate limited. Try after a while.
[13:47:50]   Rate limited，等待 55s 后重试...
[13:48:45]   下载 TLT (尝试 4/6)...
[13:48:47] [ERR]   TLT 尝试 4 失败 | Too Many Requests. Rate limited. Try after a while.
[13:48:47]   Rate limited，等待 95s 后重试...
[13:50:22]   下载 TLT (尝试 5/6)...
[13:50:27] [ERR]   TLT 尝试 5 失败 | Too Many Requests. Rate limited. Try after a while.
[13:50:27]   Rate limited，等待 120s 后重试...
[13:52:27]   下载 TLT (尝试 6/6)...
[13:52:29] [ERR]   TLT 尝试 6 失败 | Too Many Requests. Rate limited. Try after a while.
[13:52:29] [ERR]   TLT 所有重试均失败 | Too Many Requests. Rate limited. Try after a while.
[13:52:29]   等待 25s 后处理下一个 ticker...
[13:52:54] [51/51] 处理 UBER...
[13:52:54]   下载 UBER (尝试 1/6)...
[13:53:07] [ERR]   UBER 尝试 1 失败 | Too Many Requests. Rate limited. Try after a while.
[13:53:07]   Rate limited，等待 21s 后重试...
[13:53:28]   下载 UBER (尝试 2/6)...
[13:53:31] [ERR]   UBER 尝试 2 失败 | Too Many Requests. Rate limited. Try after a while.
[13:53:31]   Rate limited，等待 36s 后重试...
[13:54:07]   下载 UBER (尝试 3/6)...
[13:54:09] [ERR]   UBER 尝试 3 失败 | Too Many Requests. Rate limited. Try after a while.
[13:54:09]   Rate limited，等待 50s 后重试...
[13:54:59]   下载 UBER (尝试 4/6)...
[13:55:02] [ERR]   UBER 尝试 4 失败 | Too Many Requests. Rate limited. Try after a while.
[13:55:02]   Rate limited，等待 94s 后重试...
[13:56:37]   下载 UBER (尝试 5/6)...
[13:56:48] [ERR]   UBER 尝试 5 失败 | 'NoneType' object is not subscriptable
[13:56:48]   等待 56s 后重试...
[13:57:44]   下载 UBER (尝试 6/6)...
[13:57:52] [ERR]   UBER 尝试 6 失败 | Too Many Requests. Rate limited. Try after a while.
[13:57:52] [ERR]   UBER 所有重试均失败 | Too Many Requests. Rate limited. Try after a while.
[13:57:52] 
[13:57:52] 下载完成: 成功 0/51
[13:57:52] 
[13:57:52] [Step 2/5] 价格质量审计...
[13:57:52] ----------------------------------------------------------------------
[13:57:52] 价格审计已保存: E:\dzhwork\quant\quant_lab\data\unified_ohlcv\us_stock_selection\audit\price_quality_audit.csv
[13:57:52] 
[13:57:52] [Step 3/5] Corporate Action 审计...
[13:57:52] ----------------------------------------------------------------------
[13:57:52] Corporate Action 审计已保存: E:\dzhwork\quant\quant_lab\data\unified_ohlcv\us_stock_selection\audit\corporate_action_audit.csv
[13:57:52] 
[13:57:52] [Step 4/5] Split Sanity Check...
[13:57:52] ----------------------------------------------------------------------
[13:57:52] Split Sanity Check 已保存: E:\dzhwork\quant\quant_lab\data\unified_ohlcv\us_stock_selection\audit\split_sanity_audit.csv
[13:57:52] 有 split 事件的 ticker: 0 个
[13:57:52] 
[13:57:52] [Step 5/5] 生成审计总表...
[13:57:52] ----------------------------------------------------------------------
[13:57:52] 下载审计总表已保存: E:\dzhwork\quant\quant_lab\data\unified_ohlcv\us_stock_selection\audit\download_audit.csv
[13:57:52] Ticker Readiness 已保存: E:\dzhwork\quant\quant_lab\data\unified_ohlcv\us_stock_selection\audit\ticker_readiness_after_unified_store.csv
[13:57:52] 
[13:57:52] [完成] 复制文件到输出目录...
[13:57:53] 构建日志: E:\dzhwork\quant\quant_lab\outputs\us_stock_selection\unified_adjusted_ohlcv_store_20260502_083302\unified_store_build_log.txt
[13:57:53] 构建摘要: E:\dzhwork\quant\quant_lab\outputs\us_stock_selection\unified_adjusted_ohlcv_store_20260502_083302\build_summary.json
[13:57:53] 
[13:57:53] ======================================================================
[13:57:53] 构建完成 - 最终摘要
[13:57:53] ======================================================================
[13:57:53] 总 ticker 数: 51
[13:57:53] 下载成功: 0
[13:57:53] 下载失败: 51
[13:57:53] 有 10 年以上数据: 0 个
[13:57:53] 有 15 年以上数据: 0 个
[13:57:53] MVE2 ready (基于统一 store): 0 个
[13:57:53] 
[13:57:53] 数据目录: E:\dzhwork\quant\quant_lab\data\unified_ohlcv\us_stock_selection
[13:57:53] 输出目录: E:\dzhwork\quant\quant_lab\outputs\us_stock_selection\unified_adjusted_ohlcv_store_20260502_083302
[13:57:53] ======================================================================
